str:jose julia maria int:-1 4 8 float:3.15 12.7 p:(-0.5,-0.5) (-1,-1) 
str:carlos jose int:-1 4 8 float:3.15 12.7 74.5 p:(-0.5,-0.5) (8,2) 
str:CG ClcSS G aTg heul ja uaBKB int:-11 79 float:0.17 0.88 0.99 p:(-19,14) (-32,4) (-29,38) (63,12) (68,65) 
str:CkF Mtt PlcI cOp int:-46 50 72 80 float:0.14 0.75 0.92 p:(30,15) (18,29) (-44,1) (-51,25) (57,-24) (-79,-13) (79,62) 
str:olHI pMRKV int:-46 float:0.73 0.87 p:(-14,-21) 
str:H Xv jz o int:-72 -30 -17 15 20 33 float:0.25 0.9 0.95 p:(48,-7) (36,43) (66,10) (-9,67) (-74,-23) (-80,-60) 
str:int:64 float:0.38 p:
str:int:float:0.08 p:(44,41) 
str:Wg rh int:-11 10 float:0.31 p:
str:BXjIY Pll Qus R cODZ kCN int:14 41 68 76 float:0.4 0.47 0.57 0.86 p:(1,37) (-5,47) (-41,-38) (66,21) 
str:b int:-79 -30 float:p:(-69,-59) 
str:ARA D NNNS Su XFOv ZjF mvwl x int:-47 16 55 float:0.35 0.79 p:(27,26) (-49,-2) (-31,41) (-75,-76) 
str:QqjLR VtH int:-63 -37 -2 47 float:0.45 0.63 0.66 0.76 0.78 0.95 p:(-17,18) (-65,6) (72,-4) (79,-40) 
str:Gl OXK TsS Wg Xx eLJcv fcsW hwn mL t int:-68 -37 2 26 40 59 69 float:0.23 0.28 0.29 0.37 0.42 0.82 0.9 p:(-8,-33) (44,14) (-43,-35) (-67,-35) (-42,-76) 
str:CEdYs EI PpZR h rQWE int:-66 -42 -40 float:p:(-63,-54) 
str:BEtv GOucc Myh Po QYLMr n int:-62 -38 -36 -29 -25 6 29 36 float:0.13 0.18 0.32 0.42 0.5 0.81 0.92 0.93 p:(-18,-8) (-19,49) (-51,-14) (24,-51) (-20,59) (-32,-54) (63,71) 
str:O Rxbqt qgeYC int:-75 -46 -40 6 28 60 float:0.05 0.44 0.51 0.62 p:(-27,19) (26,-32) (-9,-42) (39,33) (-8,66) (-28,61) (-65,18) (-17,-73) (69,-32) (7,80) (-75,65) 
str:C R hqOS lc int:float:0.39 0.4 0.89 p:(-9,43) (39,-34) (76,-51) 
str:GqImr Rhele TuKtk int:-73 -47 -43 -42 -32 -26 -10 7 46 53 67 75 76 float:0.05 0.2 0.2 0.38 0.54 0.67 0.84 0.86 p:(-12,56) (-57,8) (-58,6) (53,37) (7,72) 
str:MDt int:-51 48 float:0.67 p:(9,-42) (-51,-63) 
str:GOt epxj tN int:-61 -49 -33 -27 -25 33 51 54 71 float:0.35 0.52 0.54 0.58 0.74 0.75 p:(-20,-11) (-49,-21) (27,-60) (70,-2) (-64,-58) (-56,-72) 
str:F PeLgg yCrss int:-76 -15 12 76 77 float:0.01 0.09 0.36 0.57 0.87 0.97 p:(12,44) (26,-50) (38,-59) (-33,76) 
str:int:float:p:(-18,49) 
str:TiQFI i jfIGF pEdo int:-64 -5 56 75 float:0.18 0.79 0.83 p:(23,-24) (-8,45) (-6,-53) (60,46) 
str:FQh TI bs int:-11 41 float:0.63 0.94 0.95 p:(22,-23) (32,6) (-32,-26) (46,4) (46,-42) (34,63) (-15,72) 
str:G KmN M Rd gYtAy mXaU u wCJa z int:-24 -17 14 float:0.25 0.29 0.31 0.35 0.5 0.76 0.99 p:(3,37) (-50,24) (55,28) (-59,28) (5,68) (13,-76) 
str:int:16 79 float:0.24 p:
str:RlkU i kQkVi int:-69 -17 -1 34 65 float:0.37 0.74 0.91 p:(7,51) (-8,-58) 
str:int:16 43 float:0.72 p:
str:RtHvL int:7 float:p:(-80,43) 
